              New Hampshire      Iowa Wisconsin California    Nevada
New Hampshire     0.8027269 0.5461592 0.4479593  0.3422881 0.3419186
Iowa              0.5461592 0.8027269 0.4534387  0.3431465 0.3427639
Wisconsin         0.4479593 0.4534387 0.8027269  0.3502807 0.3488289
California        0.3422881 0.3431465 0.3502807  0.8027269 0.4722112
Nevada            0.3419186 0.3427639 0.3488289  0.4722112 0.8027269
attr(,"maxNItems")
[1] 4

---------
[1] "Mon Apr  8 16:59:52 2019"
Host: pearson
R version 3.5.3 (2019-03-11)
Platform: x86_64-pc-linux-gnu (64-bit)
Running under: Ubuntu 18.04.2 LTS

Matrix products: default
BLAS/LAPACK: /opt/intel/compilers_and_libraries_2018.3.222/linux/mkl/lib/intel64_lin/libmkl_rt.so

locale:
 [1] LC_CTYPE=en_US.UTF-8       LC_NUMERIC=C              
 [3] LC_TIME=en_US.UTF-8        LC_COLLATE=en_US.UTF-8    
 [5] LC_MONETARY=en_US.UTF-8    LC_MESSAGES=en_US.UTF-8   
 [7] LC_PAPER=en_US.UTF-8       LC_NAME=C                 
 [9] LC_ADDRESS=C               LC_TELEPHONE=C            
[11] LC_MEASUREMENT=en_US.UTF-8 LC_IDENTIFICATION=C       

attached base packages:
[1] stats     graphics  grDevices utils     datasets  methods   base     

other attached packages:
[1] aibd2_0.1.0                 sdols_1.7.3.5-20190405-1438

loaded via a namespace (and not attached):
[1] compiler_3.5.3                    rscala_3.2.7-20190319-1751       
[3] commonsMath_1.2.2.8-20190324-0645
   user  system elapsed 
 13.124   0.537 105.862 
