              New Hampshire      Iowa Wisconsin California    Nevada
New Hampshire     0.9909770 0.6892460 0.5958602  0.3571374 0.3548170
Iowa              0.6892460 0.9909770 0.6083447  0.3626744 0.3603732
Wisconsin         0.5958602 0.6083447 0.9909770  0.3871983 0.3833779
California        0.3571374 0.3626744 0.3871983  0.9909770 0.7213617
Nevada            0.3548170 0.3603732 0.3833779  0.7213617 0.9909770
attr(,"maxNItems")
[1] 7

---------
[1] "Fri Apr  5 17:44:55 2019"
Host: carter
R version 3.5.3 (2019-03-11)
Platform: x86_64-pc-linux-gnu (64-bit)
Running under: Ubuntu 18.04.2 LTS

Matrix products: default
BLAS/LAPACK: /data1/opt/intel/compilers_and_libraries_2018.0.128/linux/mkl/lib/intel64_lin/libmkl_rt.so

locale:
 [1] LC_CTYPE=en_US.UTF-8       LC_NUMERIC=C              
 [3] LC_TIME=en_US.UTF-8        LC_COLLATE=en_US.UTF-8    
 [5] LC_MONETARY=en_US.UTF-8    LC_MESSAGES=en_US.UTF-8   
 [7] LC_PAPER=en_US.UTF-8       LC_NAME=C                 
 [9] LC_ADDRESS=C               LC_TELEPHONE=C            
[11] LC_MEASUREMENT=en_US.UTF-8 LC_IDENTIFICATION=C       

attached base packages:
[1] stats     graphics  grDevices utils     datasets  methods   base     

other attached packages:
[1] aibd2_0.1.0                 sdols_1.7.3.5-20190405-1438

loaded via a namespace (and not attached):
[1] compiler_3.5.3                    rscala_3.2.7-20190319-1751       
[3] commonsMath_1.2.2.8-20190324-0645
    user   system  elapsed 
  17.675    1.003 1216.544 
