              New Hampshire      Iowa Wisconsin California    Nevada
New Hampshire     0.9909770 0.6742408 0.5530117  0.4225592 0.4221030
Iowa              0.6742408 0.9909770 0.5597761  0.4236190 0.4231466
Wisconsin         0.5530117 0.5597761 0.9909770  0.4324262 0.4306340
California        0.4225592 0.4236190 0.4324262  0.9909770 0.5829511
Nevada            0.4221030 0.4231466 0.4306340  0.5829511 0.9909770
attr(,"maxNItems")
[1] 7

---------
[1] "Sat Apr  6 00:08:56 2019"
Host: hilton
R version 3.5.3 (2019-03-11)
Platform: x86_64-pc-linux-gnu (64-bit)
Running under: Ubuntu 18.04.2 LTS

Matrix products: default
BLAS/LAPACK: /opt/intel/compilers_and_libraries_2017.4.196/linux/mkl/lib/intel64_lin/libmkl_rt.so

locale:
 [1] LC_CTYPE=en_US.UTF-8       LC_NUMERIC=C              
 [3] LC_TIME=en_US.UTF-8        LC_COLLATE=en_US.UTF-8    
 [5] LC_MONETARY=en_US.UTF-8    LC_MESSAGES=en_US.UTF-8   
 [7] LC_PAPER=en_US.UTF-8       LC_NAME=C                 
 [9] LC_ADDRESS=C               LC_TELEPHONE=C            
[11] LC_MEASUREMENT=en_US.UTF-8 LC_IDENTIFICATION=C       

attached base packages:
[1] stats     graphics  grDevices utils     datasets  methods   base     

other attached packages:
[1] aibd2_0.1.0                 sdols_1.7.3.5-20190405-1438

loaded via a namespace (and not attached):
[1] compiler_3.5.3                    rscala_3.2.7-20190319-1751       
[3] commonsMath_1.2.2.8-20190324-0645
    user   system  elapsed 
  14.482    0.732 2255.052 
